<?xml version="1.0" encoding="UTF-8"?>
<!-- Generated by org.testng.reporters.JUnitXMLReporter -->
<testsuite ignored="1" hostname="LAPTOP-5URF67FJ" failures="0" tests="2" name="Submit Order Test" time="34.85" errors="0" timestamp="2024-10-04T18:14:42 IST">
  <testcase classname="Framework.Tests.SubmitOrderTest" name="submitOrders" time="10.692"/>
  <testcase classname="Framework.Tests.SubmitOrderTest" name="submitOrders" time="11.108"/>
  <testcase classname="Framework.Tests.SubmitOrderTest" name="OrderHistoryTest" time="0.0">
    <ignored/>
  </testcase> <!-- OrderHistoryTest -->
</testsuite> <!-- Submit Order Test -->
