<?xml version="1.0" encoding="UTF-8"?>
<testng-results ignored="0" total="2" passed="2" failed="0" skipped="0">
  <reporter-output>
  </reporter-output>
  <suite started-at="2024-10-04T18:14:08 IST" name="Suite" finished-at="2024-10-04T18:14:42 IST" duration-ms="34850">
    <groups>
      <group name="Purchase">
        <method signature="SubmitOrderTest.submitOrders(java.util.HashMap)[pri:0, instance:Framework.Tests.SubmitOrderTest@22555ebf]" name="submitOrders" class="Framework.Tests.SubmitOrderTest"/>
      </group> <!-- Purchase -->
    </groups>
    <test started-at="2024-10-04T18:14:08 IST" name="Error Validation Test" finished-at="2024-10-04T18:14:08 IST" duration-ms="10">
    </test> <!-- Error Validation Test -->
    <test started-at="2024-10-04T18:14:08 IST" name="Submit Order Test" finished-at="2024-10-04T18:14:42 IST" duration-ms="34850">
      <class name="Framework.Tests.SubmitOrderTest">
        <test-method is-config="true" signature="launchApplication()[pri:0, instance:Framework.Tests.SubmitOrderTest@22555ebf]" started-at="2024-10-04T18:14:08 IST" name="launchApplication" finished-at="2024-10-04T18:14:15 IST" duration-ms="7017" status="PASS">
          <reporter-output>
          </reporter-output>
        </test-method> <!-- launchApplication -->
        <test-method signature="submitOrders(java.util.HashMap)[pri:0, instance:Framework.Tests.SubmitOrderTest@22555ebf]" started-at="2024-10-04T18:14:15 IST" name="submitOrders" data-provider="getData" finished-at="2024-10-04T18:14:25 IST" duration-ms="10692" status="PASS">
          <params>
            <param index="0">
              <value>
                <![CDATA[{pass=Iamking@000, email=anshika@gmail.com, productName=ZARA COAT 3}]]>
              </value>
            </param>
          </params>
          <reporter-output>
          </reporter-output>
        </test-method> <!-- submitOrders -->
        <test-method is-config="true" signature="tearDown()[pri:0, instance:Framework.Tests.SubmitOrderTest@22555ebf]" started-at="2024-10-04T18:14:25 IST" name="tearDown" finished-at="2024-10-04T18:14:26 IST" duration-ms="248" status="PASS">
          <reporter-output>
          </reporter-output>
        </test-method> <!-- tearDown -->
        <test-method is-config="true" signature="launchApplication()[pri:0, instance:Framework.Tests.SubmitOrderTest@22555ebf]" started-at="2024-10-04T18:14:26 IST" name="launchApplication" finished-at="2024-10-04T18:14:31 IST" duration-ms="5472" status="PASS">
          <reporter-output>
          </reporter-output>
        </test-method> <!-- launchApplication -->
        <test-method signature="submitOrders(java.util.HashMap)[pri:0, instance:Framework.Tests.SubmitOrderTest@22555ebf]" started-at="2024-10-04T18:14:31 IST" name="submitOrders" data-provider="getData" finished-at="2024-10-04T18:14:42 IST" duration-ms="11108" status="PASS">
          <params>
            <param index="0">
              <value>
                <![CDATA[{pass=Abc@1234, email=abc28@gmail.com, productName=ADIDAS ORIGINAL}]]>
              </value>
            </param>
          </params>
          <reporter-output>
          </reporter-output>
        </test-method> <!-- submitOrders -->
        <test-method is-config="true" signature="tearDown()[pri:0, instance:Framework.Tests.SubmitOrderTest@22555ebf]" started-at="2024-10-04T18:14:42 IST" name="tearDown" finished-at="2024-10-04T18:14:42 IST" duration-ms="97" status="PASS">
          <reporter-output>
          </reporter-output>
        </test-method> <!-- tearDown -->
      </class> <!-- Framework.Tests.SubmitOrderTest -->
    </test> <!-- Submit Order Test -->
  </suite> <!-- Suite -->
</testng-results>
